<?xml version="1.0" encoding="UTF-8"?>
<!-- Generated by org.testng.reporters.JUnitReportReporter -->
<testsuite hostname="DESKTOP-3JG0K1M" failures="2" tests="3" name="cucumberOptions.TestNGRunner" time="34.283" errors="0" timestamp="2024-06-21T11:06:13 BST" skipped="0">
  <testcase classname="cucumberOptions.TestNGRunner" name="runScenario" time="11.423">
    <failure message="expected [null] but found []" type="java.lang.AssertionError">
      <![CDATA[java.lang.AssertionError: expected [null] but found []
at org.testng.Assert.fail(Assert.java:111)
at org.testng.Assert.failNotEquals(Assert.java:1578)
at org.testng.Assert.assertEqualsImpl(Assert.java:150)
at org.testng.Assert.assertEquals(Assert.java:132)
at org.testng.Assert.assertEquals(Assert.java:656)
at org.testng.Assert.assertEquals(Assert.java:666)
at stepDefinitions.OfferPageStepDefinition.validate_product_name_in_offers_page_matches_with_landing_page(OfferPageStepDefinition.java:66)
at ✽.validate product name in offers page matches with landing page(file:///C:/Users/odibo%20ovie/JavaSelenium2024/CucumberFrameworkSelenium/./src/test/java/features/search.feature:20)
]]>
    </failure>
  </testcase> <!-- runScenario -->
  <testcase classname="cucumberOptions.TestNGRunner" name="runScenario" time="11.194"/>
  <testcase classname="cucumberOptions.TestNGRunner" name="runScenario" time="11.666">
    <failure message="expected [null] but found []" type="java.lang.AssertionError">
      <![CDATA[java.lang.AssertionError: expected [null] but found []
at org.testng.Assert.fail(Assert.java:111)
at org.testng.Assert.failNotEquals(Assert.java:1578)
at org.testng.Assert.assertEqualsImpl(Assert.java:150)
at org.testng.Assert.assertEquals(Assert.java:132)
at org.testng.Assert.assertEquals(Assert.java:656)
at org.testng.Assert.assertEquals(Assert.java:666)
at stepDefinitions.OfferPageStepDefinition.validate_product_name_in_offers_page_matches_with_landing_page(OfferPageStepDefinition.java:66)
at ✽.validate product name in offers page matches with landing page(file:///C:/Users/odibo%20ovie/JavaSelenium2024/CucumberFrameworkSelenium/./src/test/java/features/search.feature:20)
]]>
    </failure>
  </testcase> <!-- runScenario -->
</testsuite> <!-- cucumberOptions.TestNGRunner -->
